<?xml version="1.0" encoding="UTF-8"?>
<testng-results ignored="0" total="1" passed="1" failed="0" skipped="0">
  <reporter-output>
  </reporter-output>
  <suite started-at="2022-10-18T10:57:46 IDT" name="Default suite" finished-at="2022-10-18T10:57:46 IDT" duration-ms="237">
    <groups>
    </groups>
    <test started-at="2022-10-18T10:57:46 IDT" name="Default test" finished-at="2022-10-18T10:57:46 IDT" duration-ms="237">
      <class name="TestBrowsers">
        <test-method is-config="true" signature="before()[pri:0, instance:TestBrowsers@46b61c56]" started-at="2022-10-18T10:57:43 IDT" name="before" finished-at="2022-10-18T10:57:46 IDT" duration-ms="2958" status="PASS">
          <reporter-output>
          </reporter-output>
        </test-method> <!-- before -->
        <test-method signature="f()[pri:0, instance:TestBrowsers@46b61c56]" started-at="2022-10-18T10:57:46 IDT" name="f" finished-at="2022-10-18T10:57:46 IDT" duration-ms="115" status="PASS">
          <reporter-output>
          </reporter-output>
        </test-method> <!-- f -->
      </class> <!-- TestBrowsers -->
    </test> <!-- Default test -->
  </suite> <!-- Default suite -->
</testng-results>
